<?xml version="1.0" encoding="UTF-8"?>
<testng-results ignored="0" total="2" passed="2" failed="0" skipped="0">
  <reporter-output>
  </reporter-output>
  <suite started-at="2024-07-29T14:24:44 IST" name="Suite" finished-at="2024-07-29T14:24:51 IST" duration-ms="7358">
    <groups>
    </groups>
    <test started-at="2024-07-29T14:24:44 IST" name="Test" finished-at="2024-07-29T14:24:51 IST" duration-ms="7358">
      <class name="test.TC002_Signup">
        <test-method is-config="true" signature="setup()[pri:0, instance:test.TC002_Signup@fa4c865]" started-at="2024-07-29T14:24:44 IST" name="setup" finished-at="2024-07-29T14:24:44 IST" duration-ms="1" status="PASS">
          <reporter-output>
          </reporter-output>
        </test-method> <!-- setup -->
        <test-method is-config="true" signature="launchingBrowser()[pri:0, instance:test.TC002_Signup@fa4c865]" started-at="2024-07-29T14:24:44 IST" name="launchingBrowser" finished-at="2024-07-29T14:24:47 IST" duration-ms="3632" status="PASS">
          <reporter-output>
          </reporter-output>
        </test-method> <!-- launchingBrowser -->
        <test-method signature="validSignupTest()[pri:0, instance:test.TC002_Signup@fa4c865]" started-at="2024-07-29T14:24:47 IST" name="validSignupTest" finished-at="2024-07-29T14:24:48 IST" duration-ms="541" status="PASS">
          <reporter-output>
          </reporter-output>
        </test-method> <!-- validSignupTest -->
        <test-method is-config="true" signature="closeBrowser()[pri:0, instance:test.TC002_Signup@fa4c865]" started-at="2024-07-29T14:24:48 IST" name="closeBrowser" finished-at="2024-07-29T14:24:48 IST" duration-ms="191" status="PASS">
          <reporter-output>
          </reporter-output>
        </test-method> <!-- closeBrowser -->
      </class> <!-- test.TC002_Signup -->
      <class name="test.TC001_loginTest">
        <test-method is-config="true" signature="setup()[pri:0, instance:test.TC001_loginTest@5e5d171f]" started-at="2024-07-29T14:24:44 IST" name="setup" finished-at="2024-07-29T14:24:44 IST" duration-ms="10" status="PASS">
          <reporter-output>
          </reporter-output>
        </test-method> <!-- setup -->
        <test-method is-config="true" signature="launchingBrowser()[pri:0, instance:test.TC001_loginTest@5e5d171f]" started-at="2024-07-29T14:24:48 IST" name="launchingBrowser" finished-at="2024-07-29T14:24:50 IST" duration-ms="1953" status="PASS">
          <reporter-output>
          </reporter-output>
        </test-method> <!-- launchingBrowser -->
        <test-method signature="validLoginTest()[pri:0, instance:test.TC001_loginTest@5e5d171f]" started-at="2024-07-29T14:24:50 IST" name="validLoginTest" finished-at="2024-07-29T14:24:51 IST" duration-ms="858" status="PASS">
          <reporter-output>
          </reporter-output>
        </test-method> <!-- validLoginTest -->
        <test-method is-config="true" signature="closeBrowser()[pri:0, instance:test.TC001_loginTest@5e5d171f]" started-at="2024-07-29T14:24:51 IST" name="closeBrowser" finished-at="2024-07-29T14:24:51 IST" duration-ms="140" status="PASS">
          <reporter-output>
          </reporter-output>
        </test-method> <!-- closeBrowser -->
      </class> <!-- test.TC001_loginTest -->
    </test> <!-- Test -->
  </suite> <!-- Suite -->
</testng-results>
